<?xml version="1.0" encoding="UTF-8"?>
<coverage generated="1770325331008" clover="3.2.0">
  <project timestamp="1770325331008" name="All files">
    <metrics statements="71" coveredstatements="70" conditionals="65" coveredconditionals="64" methods="14" coveredmethods="14" elements="150" coveredelements="148" complexity="0" loc="71" ncloc="71" packages="2" files="3" classes="3"/>
    <package name="core">
      <metrics statements="70" coveredstatements="69" conditionals="65" coveredconditionals="64" methods="14" coveredmethods="14"/>
      <file name="intentService.ts" path="C:\Users\KK\Desktop\project\Mind\src\core\intentService.ts">
        <metrics statements="27" coveredstatements="27" conditionals="12" coveredconditionals="12" methods="5" coveredmethods="5"/>
        <line num="11" count="1" type="stmt"/>
        <line num="13" count="4" type="stmt"/>
        <line num="14" count="4" type="stmt"/>
        <line num="16" count="4" type="stmt"/>
        <line num="19" count="4" type="stmt"/>
        <line num="20" count="4" type="stmt"/>
        <line num="23" count="4" type="stmt"/>
        <line num="25" count="4" type="stmt"/>
        <line num="26" count="4" type="stmt"/>
        <line num="28" count="4" type="stmt"/>
        <line num="29" count="40" type="cond" truecount="2" falsecount="0"/>
        <line num="30" count="3" type="stmt"/>
        <line num="31" count="3" type="stmt"/>
        <line num="35" count="4" type="stmt"/>
        <line num="36" count="32" type="cond" truecount="2" falsecount="0"/>
        <line num="37" count="3" type="stmt"/>
        <line num="38" count="3" type="stmt"/>
        <line num="44" count="4" type="stmt"/>
        <line num="45" count="4" type="stmt"/>
        <line num="46" count="4" type="stmt"/>
        <line num="47" count="16" type="stmt"/>
        <line num="48" count="16" type="cond" truecount="4" falsecount="0"/>
        <line num="49" count="2" type="stmt"/>
        <line num="50" count="2" type="cond" truecount="2" falsecount="0"/>
        <line num="55" count="4" type="cond" truecount="2" falsecount="0"/>
        <line num="56" count="1" type="stmt"/>
        <line num="59" count="3" type="stmt"/>
      </file>
      <file name="searchLogic.ts" path="C:\Users\KK\Desktop\project\Mind\src\core\searchLogic.ts">
        <metrics statements="43" coveredstatements="42" conditionals="53" coveredconditionals="52" methods="9" coveredmethods="9"/>
        <line num="3" count="1" type="stmt"/>
        <line num="4" count="8" type="cond" truecount="2" falsecount="0"/>
        <line num="5" count="7" type="stmt"/>
        <line num="7" count="8" type="stmt"/>
        <line num="8" count="8" type="cond" truecount="2" falsecount="0"/>
        <line num="10" count="7" type="stmt"/>
        <line num="11" count="7" type="cond" truecount="3" falsecount="1"/>
        <line num="12" count="0" type="stmt"/>
        <line num="14" count="7" type="cond" truecount="2" falsecount="0"/>
        <line num="16" count="6" type="stmt"/>
        <line num="19" count="6" type="stmt"/>
        <line num="20" count="240" type="stmt"/>
        <line num="21" count="240" type="stmt"/>
        <line num="22" count="240" type="stmt"/>
        <line num="25" count="240" type="stmt"/>
        <line num="26" count="240" type="stmt"/>
        <line num="28" count="240" type="stmt"/>
        <line num="31" count="240" type="stmt"/>
        <line num="32" count="280" type="cond" truecount="2" falsecount="0"/>
        <line num="33" count="280" type="cond" truecount="2" falsecount="0"/>
        <line num="34" count="280" type="stmt"/>
        <line num="36" count="280" type="cond" truecount="3" falsecount="0"/>
        <line num="38" count="280" type="cond" truecount="6" falsecount="0"/>
        <line num="39" count="26" type="cond" truecount="2" falsecount="0"/>
        <line num="42" count="280" type="cond" truecount="5" falsecount="0"/>
        <line num="43" count="10" type="stmt"/>
        <line num="46" count="280" type="cond" truecount="2" falsecount="0"/>
        <line num="47" count="11" type="stmt"/>
        <line num="51" count="280" type="cond" truecount="5" falsecount="0"/>
        <line num="52" count="80" type="cond" truecount="4" falsecount="0"/>
        <line num="53" count="8" type="stmt"/>
        <line num="54" count="72" type="cond" truecount="4" falsecount="0"/>
        <line num="55" count="8" type="stmt"/>
        <line num="61" count="240" type="stmt"/>
        <line num="62" count="270" type="stmt"/>
        <line num="63" count="270" type="cond" truecount="2" falsecount="0"/>
        <line num="65" count="240" type="cond" truecount="2" falsecount="0"/>
        <line num="68" count="240" type="cond" truecount="4" falsecount="0"/>
        <line num="69" count="2" type="stmt"/>
        <line num="73" count="240" type="stmt"/>
        <line num="75" count="240" type="stmt"/>
        <line num="77" count="240" type="stmt"/>
        <line num="78" count="37" type="stmt"/>
      </file>
    </package>
    <package name="data">
      <metrics statements="1" coveredstatements="1" conditionals="0" coveredconditionals="0" methods="0" coveredmethods="0"/>
      <file name="products.ts" path="C:\Users\KK\Desktop\project\Mind\src\data\products.ts">
        <metrics statements="1" coveredstatements="1" conditionals="0" coveredconditionals="0" methods="0" coveredmethods="0"/>
        <line num="13" count="1" type="stmt"/>
      </file>
    </package>
  </project>
</coverage>
