{"C:\\Users\\KK\\Desktop\\project\\Mind\\src\\core\\intentService.ts": {"path":"C:\\Users\\KK\\Desktop\\project\\Mind\\src\\core\\intentService.ts","statementMap":{"0":{"start":{"line":11,"column":29},"end":{"line":61,"column":null}},"1":{"start":{"line":13,"column":18},"end":{"line":13,"column":null}},"2":{"start":{"line":14,"column":4},"end":{"line":14,"column":null}},"3":{"start":{"line":14,"column":33},"end":{"line":14,"column":59}},"4":{"start":{"line":16,"column":24},"end":{"line":16,"column":null}},"5":{"start":{"line":19,"column":30},"end":{"line":19,"column":null}},"6":{"start":{"line":20,"column":26},"end":{"line":20,"column":null}},"7":{"start":{"line":23,"column":40},"end":{"line":23,"column":null}},"8":{"start":{"line":25,"column":25},"end":{"line":25,"column":null}},"9":{"start":{"line":26,"column":21},"end":{"line":26,"column":null}},"10":{"start":{"line":28,"column":4},"end":{"line":33,"column":null}},"11":{"start":{"line":29,"column":8},"end":{"line":32,"column":null}},"12":{"start":{"line":30,"column":12},"end":{"line":30,"column":null}},"13":{"start":{"line":31,"column":12},"end":{"line":31,"column":null}},"14":{"start":{"line":35,"column":4},"end":{"line":40,"column":null}},"15":{"start":{"line":36,"column":8},"end":{"line":39,"column":null}},"16":{"start":{"line":37,"column":12},"end":{"line":37,"column":null}},"17":{"start":{"line":38,"column":12},"end":{"line":38,"column":null}},"18":{"start":{"line":44,"column":24},"end":{"line":44,"column":null}},"19":{"start":{"line":45,"column":18},"end":{"line":45,"column":null}},"20":{"start":{"line":46,"column":4},"end":{"line":52,"column":null}},"21":{"start":{"line":47,"column":20},"end":{"line":47,"column":null}},"22":{"start":{"line":48,"column":8},"end":{"line":51,"column":null}},"23":{"start":{"line":49,"column":27},"end":{"line":49,"column":null}},"24":{"start":{"line":50,"column":12},"end":{"line":50,"column":null}},"25":{"start":{"line":50,"column":53},"end":{"line":50,"column":null}},"26":{"start":{"line":55,"column":4},"end":{"line":60,"column":null}},"27":{"start":{"line":56,"column":8},"end":{"line":56,"column":null}},"28":{"start":{"line":59,"column":8},"end":{"line":59,"column":null}}},"fnMap":{"0":{"name":"(anonymous_0)","decl":{"start":{"line":11,"column":29},"end":{"line":11,"column":36}},"loc":{"start":{"line":11,"column":78},"end":{"line":61,"column":null}},"line":11},"1":{"name":"(anonymous_1)","decl":{"start":{"line":14,"column":22},"end":{"line":14,"column":33}},"loc":{"start":{"line":14,"column":33},"end":{"line":14,"column":59}},"line":14},"2":{"name":"(anonymous_2)","decl":{"start":{"line":28,"column":30},"end":{"line":28,"column":35}},"loc":{"start":{"line":28,"column":35},"end":{"line":33,"column":5}},"line":28},"3":{"name":"(anonymous_3)","decl":{"start":{"line":35,"column":26},"end":{"line":35,"column":31}},"loc":{"start":{"line":35,"column":31},"end":{"line":40,"column":5}},"line":35},"4":{"name":"(anonymous_4)","decl":{"start":{"line":46,"column":24},"end":{"line":46,"column":32}},"loc":{"start":{"line":46,"column":32},"end":{"line":52,"column":5}},"line":46}},"branchMap":{"0":{"loc":{"start":{"line":29,"column":8},"end":{"line":32,"column":null}},"type":"if","locations":[{"start":{"line":29,"column":8},"end":{"line":32,"column":null}},{"start":{},"end":{}}],"line":29},"1":{"loc":{"start":{"line":36,"column":8},"end":{"line":39,"column":null}},"type":"if","locations":[{"start":{"line":36,"column":8},"end":{"line":39,"column":null}},{"start":{},"end":{}}],"line":36},"2":{"loc":{"start":{"line":48,"column":8},"end":{"line":51,"column":null}},"type":"if","locations":[{"start":{"line":48,"column":8},"end":{"line":51,"column":null}},{"start":{},"end":{}}],"line":48},"3":{"loc":{"start":{"line":48,"column":12},"end":{"line":48,"column":50}},"type":"binary-expr","locations":[{"start":{"line":48,"column":12},"end":{"line":48,"column":26}},{"start":{"line":48,"column":26},"end":{"line":48,"column":50}}],"line":48},"4":{"loc":{"start":{"line":50,"column":12},"end":{"line":50,"column":null}},"type":"if","locations":[{"start":{"line":50,"column":12},"end":{"line":50,"column":null}},{"start":{},"end":{}}],"line":50},"5":{"loc":{"start":{"line":55,"column":4},"end":{"line":60,"column":null}},"type":"if","locations":[{"start":{"line":55,"column":4},"end":{"line":60,"column":null}},{"start":{"line":57,"column":11},"end":{"line":60,"column":null}}],"line":55}},"s":{"0":1,"1":4,"2":4,"3":4,"4":4,"5":4,"6":4,"7":4,"8":4,"9":4,"10":4,"11":40,"12":3,"13":3,"14":4,"15":32,"16":3,"17":3,"18":4,"19":4,"20":4,"21":16,"22":16,"23":2,"24":2,"25":1,"26":4,"27":1,"28":3},"f":{"0":4,"1":4,"2":40,"3":32,"4":16},"b":{"0":[3,37],"1":[3,29],"2":[2,14],"3":[16,2],"4":[1,1],"5":[1,3]},"meta":{"lastBranch":6,"lastFunction":5,"lastStatement":29,"seen":{"s:11:29:61:Infinity":0,"f:11:29:11:36":0,"s:13:18:13:Infinity":1,"s:14:4:14:Infinity":2,"f:14:22:14:33":1,"s:14:33:14:59":3,"s:16:24:16:Infinity":4,"s:19:30:19:Infinity":5,"s:20:26:20:Infinity":6,"s:23:40:23:Infinity":7,"s:25:25:25:Infinity":8,"s:26:21:26:Infinity":9,"s:28:4:33:Infinity":10,"f:28:30:28:35":2,"b:29:8:32:Infinity:undefined:undefined:undefined:undefined":0,"s:29:8:32:Infinity":11,"s:30:12:30:Infinity":12,"s:31:12:31:Infinity":13,"s:35:4:40:Infinity":14,"f:35:26:35:31":3,"b:36:8:39:Infinity:undefined:undefined:undefined:undefined":1,"s:36:8:39:Infinity":15,"s:37:12:37:Infinity":16,"s:38:12:38:Infinity":17,"s:44:24:44:Infinity":18,"s:45:18:45:Infinity":19,"s:46:4:52:Infinity":20,"f:46:24:46:32":4,"s:47:20:47:Infinity":21,"b:48:8:51:Infinity:undefined:undefined:undefined:undefined":2,"s:48:8:51:Infinity":22,"b:48:12:48:26:48:26:48:50":3,"s:49:27:49:Infinity":23,"b:50:12:50:Infinity:undefined:undefined:undefined:undefined":4,"s:50:12:50:Infinity":24,"s:50:53:50:Infinity":25,"b:55:4:60:Infinity:57:11:60:Infinity":5,"s:55:4:60:Infinity":26,"s:56:8:56:Infinity":27,"s:59:8:59:Infinity":28}}}
,"C:\\Users\\KK\\Desktop\\project\\Mind\\src\\core\\searchLogic.ts": {"path":"C:\\Users\\KK\\Desktop\\project\\Mind\\src\\core\\searchLogic.ts","statementMap":{"0":{"start":{"line":3,"column":39},"end":{"line":80,"column":null}},"1":{"start":{"line":4,"column":4},"end":{"line":4,"column":null}},"2":{"start":{"line":4,"column":40},"end":{"line":4,"column":null}},"3":{"start":{"line":5,"column":25},"end":{"line":5,"column":null}},"4":{"start":{"line":7,"column":22},"end":{"line":8,"column":null}},"5":{"start":{"line":7,"column":42},"end":{"line":8,"column":null}},"6":{"start":{"line":7,"column":60},"end":{"line":7,"column":88}},"7":{"start":{"line":8,"column":21},"end":{"line":8,"column":62}},"8":{"start":{"line":10,"column":17},"end":{"line":10,"column":null}},"9":{"start":{"line":11,"column":4},"end":{"line":13,"column":null}},"10":{"start":{"line":12,"column":8},"end":{"line":12,"column":null}},"11":{"start":{"line":14,"column":4},"end":{"line":14,"column":null}},"12":{"start":{"line":14,"column":29},"end":{"line":14,"column":null}},"13":{"start":{"line":16,"column":24},"end":{"line":16,"column":null}},"14":{"start":{"line":19,"column":4},"end":{"line":79,"column":null}},"15":{"start":{"line":20,"column":26},"end":{"line":20,"column":null}},"16":{"start":{"line":21,"column":26},"end":{"line":21,"column":null}},"17":{"start":{"line":22,"column":25},"end":{"line":22,"column":null}},"18":{"start":{"line":25,"column":31},"end":{"line":25,"column":null}},"19":{"start":{"line":26,"column":30},"end":{"line":26,"column":null}},"20":{"start":{"line":28,"column":20},"end":{"line":28,"column":null}},"21":{"start":{"line":31,"column":8},"end":{"line":58,"column":null}},"22":{"start":{"line":32,"column":29},"end":{"line":32,"column":null}},"23":{"start":{"line":33,"column":27},"end":{"line":33,"column":null}},"24":{"start":{"line":34,"column":30},"end":{"line":34,"column":null}},"25":{"start":{"line":36,"column":33},"end":{"line":36,"column":null}},"26":{"start":{"line":38,"column":12},"end":{"line":40,"column":null}},"27":{"start":{"line":39,"column":16},"end":{"line":39,"column":null}},"28":{"start":{"line":42,"column":12},"end":{"line":44,"column":null}},"29":{"start":{"line":43,"column":16},"end":{"line":43,"column":null}},"30":{"start":{"line":46,"column":12},"end":{"line":48,"column":null}},"31":{"start":{"line":47,"column":16},"end":{"line":47,"column":null}},"32":{"start":{"line":51,"column":12},"end":{"line":57,"column":null}},"33":{"start":{"line":52,"column":16},"end":{"line":56,"column":null}},"34":{"start":{"line":53,"column":20},"end":{"line":53,"column":null}},"35":{"start":{"line":54,"column":16},"end":{"line":56,"column":null}},"36":{"start":{"line":55,"column":20},"end":{"line":55,"column":null}},"37":{"start":{"line":61,"column":27},"end":{"line":64,"column":null}},"38":{"start":{"line":62,"column":30},"end":{"line":62,"column":null}},"39":{"start":{"line":63,"column":12},"end":{"line":63,"column":null}},"40":{"start":{"line":65,"column":8},"end":{"line":65,"column":null}},"41":{"start":{"line":65,"column":24},"end":{"line":65,"column":null}},"42":{"start":{"line":68,"column":8},"end":{"line":70,"column":null}},"43":{"start":{"line":69,"column":12},"end":{"line":69,"column":null}},"44":{"start":{"line":73,"column":8},"end":{"line":73,"column":null}},"45":{"start":{"line":75,"column":8},"end":{"line":75,"column":null}},"46":{"start":{"line":77,"column":21},"end":{"line":77,"column":33}},"47":{"start":{"line":78,"column":24},"end":{"line":78,"column":41}}},"fnMap":{"0":{"name":"(anonymous_0)","decl":{"start":{"line":3,"column":39},"end":{"line":3,"column":40}},"loc":{"start":{"line":3,"column":103},"end":{"line":80,"column":null}},"line":3},"1":{"name":"(anonymous_1)","decl":{"start":{"line":7,"column":22},"end":{"line":7,"column":23}},"loc":{"start":{"line":7,"column":42},"end":{"line":8,"column":null}},"line":7},"2":{"name":"(anonymous_2)","decl":{"start":{"line":7,"column":55},"end":{"line":7,"column":60}},"loc":{"start":{"line":7,"column":60},"end":{"line":7,"column":88}},"line":7},"3":{"name":"(anonymous_3)","decl":{"start":{"line":8,"column":16},"end":{"line":8,"column":21}},"loc":{"start":{"line":8,"column":21},"end":{"line":8,"column":62}},"line":8},"4":{"name":"(anonymous_4)","decl":{"start":{"line":19,"column":24},"end":{"line":19,"column":29}},"loc":{"start":{"line":19,"column":29},"end":{"line":76,"column":5}},"line":19},"5":{"name":"(anonymous_5)","decl":{"start":{"line":31,"column":23},"end":{"line":31,"column":31}},"loc":{"start":{"line":31,"column":31},"end":{"line":58,"column":9}},"line":31},"6":{"name":"(anonymous_6)","decl":{"start":{"line":61,"column":39},"end":{"line":61,"column":47}},"loc":{"start":{"line":61,"column":47},"end":{"line":64,"column":9}},"line":61},"7":{"name":"(anonymous_7)","decl":{"start":{"line":77,"column":16},"end":{"line":77,"column":21}},"loc":{"start":{"line":77,"column":21},"end":{"line":77,"column":33}},"line":77},"8":{"name":"(anonymous_8)","decl":{"start":{"line":78,"column":14},"end":{"line":78,"column":15}},"loc":{"start":{"line":78,"column":24},"end":{"line":78,"column":41}},"line":78}},"branchMap":{"0":{"loc":{"start":{"line":4,"column":4},"end":{"line":4,"column":null}},"type":"if","locations":[{"start":{"line":4,"column":4},"end":{"line":4,"column":null}},{"start":{},"end":{}}],"line":4},"1":{"loc":{"start":{"line":8,"column":21},"end":{"line":8,"column":62}},"type":"binary-expr","locations":[{"start":{"line":8,"column":21},"end":{"line":8,"column":37}},{"start":{"line":8,"column":37},"end":{"line":8,"column":62}}],"line":8},"2":{"loc":{"start":{"line":11,"column":4},"end":{"line":13,"column":null}},"type":"if","locations":[{"start":{"line":11,"column":4},"end":{"line":13,"column":null}},{"start":{},"end":{}}],"line":11},"3":{"loc":{"start":{"line":11,"column":8},"end":{"line":11,"column":39}},"type":"binary-expr","locations":[{"start":{"line":11,"column":8},"end":{"line":11,"column":31}},{"start":{"line":11,"column":31},"end":{"line":11,"column":39}}],"line":11},"4":{"loc":{"start":{"line":14,"column":4},"end":{"line":14,"column":null}},"type":"if","locations":[{"start":{"line":14,"column":4},"end":{"line":14,"column":null}},{"start":{},"end":{}}],"line":14},"5":{"loc":{"start":{"line":32,"column":29},"end":{"line":32,"column":null}},"type":"cond-expr","locations":[{"start":{"line":32,"column":50},"end":{"line":32,"column":70}},{"start":{"line":32,"column":70},"end":{"line":32,"column":null}}],"line":32},"6":{"loc":{"start":{"line":33,"column":27},"end":{"line":33,"column":null}},"type":"cond-expr","locations":[{"start":{"line":33,"column":48},"end":{"line":33,"column":55}},{"start":{"line":33,"column":55},"end":{"line":33,"column":null}}],"line":33},"7":{"loc":{"start":{"line":36,"column":33},"end":{"line":36,"column":null}},"type":"binary-expr","locations":[{"start":{"line":36,"column":33},"end":{"line":36,"column":68}},{"start":{"line":36,"column":68},"end":{"line":36,"column":104}},{"start":{"line":36,"column":104},"end":{"line":36,"column":null}}],"line":36},"8":{"loc":{"start":{"line":38,"column":12},"end":{"line":40,"column":null}},"type":"if","locations":[{"start":{"line":38,"column":12},"end":{"line":40,"column":null}},{"start":{},"end":{}}],"line":38},"9":{"loc":{"start":{"line":38,"column":16},"end":{"line":38,"column":152}},"type":"binary-expr","locations":[{"start":{"line":38,"column":16},"end":{"line":38,"column":44}},{"start":{"line":38,"column":44},"end":{"line":38,"column":81}},{"start":{"line":38,"column":81},"end":{"line":38,"column":116}},{"start":{"line":38,"column":116},"end":{"line":38,"column":152}}],"line":38},"10":{"loc":{"start":{"line":39,"column":25},"end":{"line":39,"column":null}},"type":"cond-expr","locations":[{"start":{"line":39,"column":40},"end":{"line":39,"column":45}},{"start":{"line":39,"column":45},"end":{"line":39,"column":null}}],"line":39},"11":{"loc":{"start":{"line":42,"column":12},"end":{"line":44,"column":null}},"type":"if","locations":[{"start":{"line":42,"column":12},"end":{"line":44,"column":null}},{"start":{},"end":{}}],"line":42},"12":{"loc":{"start":{"line":42,"column":16},"end":{"line":42,"column":114}},"type":"binary-expr","locations":[{"start":{"line":42,"column":16},"end":{"line":42,"column":43}},{"start":{"line":42,"column":43},"end":{"line":42,"column":79}},{"start":{"line":42,"column":79},"end":{"line":42,"column":114}}],"line":42},"13":{"loc":{"start":{"line":46,"column":12},"end":{"line":48,"column":null}},"type":"if","locations":[{"start":{"line":46,"column":12},"end":{"line":48,"column":null}},{"start":{},"end":{}}],"line":46},"14":{"loc":{"start":{"line":51,"column":12},"end":{"line":57,"column":null}},"type":"if","locations":[{"start":{"line":51,"column":12},"end":{"line":57,"column":null}},{"start":{},"end":{}}],"line":51},"15":{"loc":{"start":{"line":51,"column":16},"end":{"line":51,"column":75}},"type":"binary-expr","locations":[{"start":{"line":51,"column":16},"end":{"line":51,"column":37}},{"start":{"line":51,"column":37},"end":{"line":51,"column":59}},{"start":{"line":51,"column":59},"end":{"line":51,"column":75}}],"line":51},"16":{"loc":{"start":{"line":52,"column":16},"end":{"line":56,"column":null}},"type":"if","locations":[{"start":{"line":52,"column":16},"end":{"line":56,"column":null}},{"start":{"line":54,"column":16},"end":{"line":56,"column":null}}],"line":52},"17":{"loc":{"start":{"line":52,"column":20},"end":{"line":52,"column":83}},"type":"binary-expr","locations":[{"start":{"line":52,"column":20},"end":{"line":52,"column":53}},{"start":{"line":52,"column":53},"end":{"line":52,"column":83}}],"line":52},"18":{"loc":{"start":{"line":54,"column":16},"end":{"line":56,"column":null}},"type":"if","locations":[{"start":{"line":54,"column":16},"end":{"line":56,"column":null}},{"start":{},"end":{}}],"line":54},"19":{"loc":{"start":{"line":54,"column":27},"end":{"line":54,"column":90}},"type":"binary-expr","locations":[{"start":{"line":54,"column":27},"end":{"line":54,"column":58}},{"start":{"line":54,"column":58},"end":{"line":54,"column":90}}],"line":54},"20":{"loc":{"start":{"line":63,"column":19},"end":{"line":63,"column":null}},"type":"binary-expr","locations":[{"start":{"line":63,"column":19},"end":{"line":63,"column":47}},{"start":{"line":63,"column":47},"end":{"line":63,"column":null}}],"line":63},"21":{"loc":{"start":{"line":65,"column":8},"end":{"line":65,"column":null}},"type":"if","locations":[{"start":{"line":65,"column":8},"end":{"line":65,"column":null}},{"start":{},"end":{}}],"line":65},"22":{"loc":{"start":{"line":68,"column":8},"end":{"line":70,"column":null}},"type":"if","locations":[{"start":{"line":68,"column":8},"end":{"line":70,"column":null}},{"start":{},"end":{}}],"line":68},"23":{"loc":{"start":{"line":68,"column":12},"end":{"line":68,"column":79}},"type":"binary-expr","locations":[{"start":{"line":68,"column":12},"end":{"line":68,"column":48}},{"start":{"line":68,"column":48},"end":{"line":68,"column":79}}],"line":68}},"s":{"0":1,"1":8,"2":1,"3":7,"4":7,"5":7,"6":8,"7":8,"8":7,"9":7,"10":0,"11":7,"12":1,"13":6,"14":6,"15":240,"16":240,"17":240,"18":240,"19":240,"20":240,"21":240,"22":280,"23":280,"24":280,"25":280,"26":280,"27":26,"28":280,"29":10,"30":280,"31":11,"32":280,"33":80,"34":8,"35":72,"36":8,"37":240,"38":270,"39":270,"40":240,"41":16,"42":240,"43":2,"44":240,"45":240,"46":240,"47":37},"f":{"0":8,"1":7,"2":8,"3":8,"4":240,"5":280,"6":270,"7":240,"8":37},"b":{"0":[1,7],"1":[8,7],"2":[0,7],"3":[7,1],"4":[1,6],"5":[80,200],"6":[80,200],"7":[280,277,275],"8":[26,254],"9":[280,262,254,254],"10":[5,21],"11":[10,270],"12":[280,270,270],"13":[11,269],"14":[80,200],"15":[280,200,200],"16":[8,72],"17":[80,72],"18":[8,64],"19":[72,8],"20":[270,16],"21":[16,224],"22":[2,238],"23":[240,40]},"meta":{"lastBranch":24,"lastFunction":9,"lastStatement":48,"seen":{"s:3:39:80:Infinity":0,"f:3:39:3:40":0,"b:4:4:4:Infinity:undefined:undefined:undefined:undefined":0,"s:4:4:4:Infinity":1,"s:4:40:4:Infinity":2,"s:5:25:5:Infinity":3,"s:7:22:8:Infinity":4,"f:7:22:7:23":1,"s:7:42:8:Infinity":5,"f:7:55:7:60":2,"s:7:60:7:88":6,"f:8:16:8:21":3,"s:8:21:8:62":7,"b:8:21:8:37:8:37:8:62":1,"s:10:17:10:Infinity":8,"b:11:4:13:Infinity:undefined:undefined:undefined:undefined":2,"s:11:4:13:Infinity":9,"b:11:8:11:31:11:31:11:39":3,"s:12:8:12:Infinity":10,"b:14:4:14:Infinity:undefined:undefined:undefined:undefined":4,"s:14:4:14:Infinity":11,"s:14:29:14:Infinity":12,"s:16:24:16:Infinity":13,"s:19:4:79:Infinity":14,"f:19:24:19:29":4,"s:20:26:20:Infinity":15,"s:21:26:21:Infinity":16,"s:22:25:22:Infinity":17,"s:25:31:25:Infinity":18,"s:26:30:26:Infinity":19,"s:28:20:28:Infinity":20,"s:31:8:58:Infinity":21,"f:31:23:31:31":5,"s:32:29:32:Infinity":22,"b:32:50:32:70:32:70:32:Infinity":5,"s:33:27:33:Infinity":23,"b:33:48:33:55:33:55:33:Infinity":6,"s:34:30:34:Infinity":24,"s:36:33:36:Infinity":25,"b:36:33:36:68:36:68:36:104:36:104:36:Infinity":7,"b:38:12:40:Infinity:undefined:undefined:undefined:undefined":8,"s:38:12:40:Infinity":26,"b:38:16:38:44:38:44:38:81:38:81:38:116:38:116:38:152":9,"s:39:16:39:Infinity":27,"b:39:40:39:45:39:45:39:Infinity":10,"b:42:12:44:Infinity:undefined:undefined:undefined:undefined":11,"s:42:12:44:Infinity":28,"b:42:16:42:43:42:43:42:79:42:79:42:114":12,"s:43:16:43:Infinity":29,"b:46:12:48:Infinity:undefined:undefined:undefined:undefined":13,"s:46:12:48:Infinity":30,"s:47:16:47:Infinity":31,"b:51:12:57:Infinity:undefined:undefined:undefined:undefined":14,"s:51:12:57:Infinity":32,"b:51:16:51:37:51:37:51:59:51:59:51:75":15,"b:52:16:56:Infinity:54:16:56:Infinity":16,"s:52:16:56:Infinity":33,"b:52:20:52:53:52:53:52:83":17,"s:53:20:53:Infinity":34,"b:54:16:56:Infinity:undefined:undefined:undefined:undefined":18,"s:54:16:56:Infinity":35,"b:54:27:54:58:54:58:54:90":19,"s:55:20:55:Infinity":36,"s:61:27:64:Infinity":37,"f:61:39:61:47":6,"s:62:30:62:Infinity":38,"s:63:12:63:Infinity":39,"b:63:19:63:47:63:47:63:Infinity":20,"b:65:8:65:Infinity:undefined:undefined:undefined:undefined":21,"s:65:8:65:Infinity":40,"s:65:24:65:Infinity":41,"b:68:8:70:Infinity:undefined:undefined:undefined:undefined":22,"s:68:8:70:Infinity":42,"b:68:12:68:48:68:48:68:79":23,"s:69:12:69:Infinity":43,"s:73:8:73:Infinity":44,"s:75:8:75:Infinity":45,"f:77:16:77:21":7,"s:77:21:77:33":46,"f:78:14:78:15":8,"s:78:24:78:41":47}}}
,"C:\\Users\\KK\\Desktop\\project\\Mind\\src\\data\\products.ts": {"path":"C:\\Users\\KK\\Desktop\\project\\Mind\\src\\data\\products.ts","statementMap":{"0":{"start":{"line":13,"column":35},"end":{"line":465,"column":null}}},"fnMap":{},"branchMap":{},"s":{"0":1},"f":{},"b":{},"meta":{"lastBranch":0,"lastFunction":0,"lastStatement":1,"seen":{"s:13:35:465:Infinity":0}}}
}
